<?xml version="1.0" encoding="UTF-8"?>
<!-- Generated by org.testng.reporters.JUnitReportReporter -->
<testsuite skipped="0" hostname="DESKTOP-E38MC9T" name="Osplash.Assignment.Homepage" tests="2" failures="0" timestamp="12 Jan 2021 12:15:01 GMT" time="20.326" errors="0">
  <testcase name="Homepage" time="9.855" classname="Osplash.Assignment.Homepage"/>
  <testcase name="Homepage" time="10.471" classname="Osplash.Assignment.Homepage"/>
</testsuite> <!-- Osplash.Assignment.Homepage -->
