<?xml version="1.0" encoding="UTF-8"?>
<!-- Generated by org.testng.reporters.JUnitReportReporter -->
<testsuite skipped="0" hostname="DESKTOP-E38MC9T" name="Osplash.Assignment.Loginpage" tests="1" failures="0" timestamp="12 Jan 2021 09:43:54 GMT" time="9.647" errors="0">
  <testcase name="login" time="9.647" classname="Osplash.Assignment.Loginpage"/>
</testsuite> <!-- Osplash.Assignment.Loginpage -->
